
> admin@0.1.0 build
> next build

▲ Next.js 16.1.6 (Turbopack)
- Environments: .env.local

  Creating an optimized production build ...
✓ Compiled successfully in 14.4s
  Running TypeScript ...
  Collecting page data using 19 workers ...
  Generating static pages using 19 workers (0/18) ...
  Generating static pages using 19 workers (4/18) 
  Generating static pages using 19 workers (8/18) 
  Generating static pages using 19 workers (13/18) 
✓ Generating static pages using 19 workers (18/18) in 3.7s
  Finalizing page optimization ...

Route (app)
┌ ○ /
├ ○ /_not-found
├ ○ /analytics
├ ƒ /api/auth/[[...convexAuth]]
├ ƒ /api/uploadthing
├ ○ /coupons
├ ○ /customers
├ ○ /documents
├ ○ /inventory
├ ○ /login
├ ○ /marketing
├ ○ /orders
├ ○ /overview
├ ○ /products
├ ƒ /products/[id]/edit
├ ○ /products/new
├ ○ /register
├ ○ /settings
└ ○ /transactions


ƒ Proxy (Middleware)

○  (Static)   prerendered as static content
ƒ  (Dynamic)  server-rendered on demand

