
> web@0.1.0 build
> next build

⚠ Warning: Next.js inferred your workspace root, but it may not be correct.
 We detected multiple lockfiles and selected the directory of C:\Users\pc\package-lock.json as the root directory.
 To silence this warning, set `turbopack.root` in your Next.js config, or consider removing one of the lockfiles if it's not needed.
   See https://nextjs.org/docs/app/api-reference/config/next-config-js/turbopack#root-directory for more information.
 Detected additional lockfiles: 
   * C:\Users\pc\OneDrive\Desktop\Dev\Ummiesessence\package-lock.json

▲ Next.js 16.1.6 (Turbopack)
- Environments: .env.local

  Creating an optimized production build ...
✓ Compiled successfully in 9.0s
  Running TypeScript ...
  Collecting page data using 19 workers ...
  Generating static pages using 19 workers (0/23) ...
  Generating static pages using 19 workers (5/23) 
  Generating static pages using 19 workers (11/23) 
  Generating static pages using 19 workers (17/23) 
✓ Generating static pages using 19 workers (23/23) in 1894.3ms
  Finalizing page optimization ...

Route (app)
┌ ○ /
├ ○ /_not-found
├ ○ /about
├ ○ /account
├ ○ /account/addresses
├ ○ /account/dashboard
├ ○ /account/orders
├ ○ /account/wishlist
├ ƒ /api/auth/[[...convexAuth]]
├ ○ /apple-icon.png
├ ○ /cart
├ ○ /categories
├ ○ /checkout
├ ○ /contact
├ ○ /icon.png
├ ○ /login
├ ƒ /order-confirmation/[id]
├ ƒ /product/[slug]
├ ○ /register
├ ○ /reset-password
├ ○ /robots.txt
├ ○ /seed
├ ○ /shop
├ ○ /sitemap.xml
└ ○ /track


ƒ Proxy (Middleware)

○  (Static)   prerendered as static content
ƒ  (Dynamic)  server-rendered on demand

